<?xml version="1.0" encoding="UTF-8" ?>
<testsuite tests="9" failures="0" name="step_definitions.runTest" time="0.063" errors="2" skipped="6">
  <properties>
[...]
</properties>
  <testcase classname="Given I am on myTW login page   " name="Given I am on myTW login page   " time="0.001"/>
  <testcase classname="When I login myTW    " name="When I login myTW    " time="0.004">
    <error message="unknown error: keys should be a string
  (Session info: chrome=60.0.3112.113)
  (Driver info: chromedriver=2.31.488774 (7e15618d1bf16df8bf0ecf2914ed1964a387ba0b),platform=Mac OS X 10.12.6 x86_64) (WARNING: The server did not provide any stacktrace information)
Command duration or timeout: 41 milliseconds
Build info: version: &apos;3.4.0&apos;, revision: &apos;unknown&apos;, time: &apos;unknown&apos;
System info: host: &apos;CNdfzheng.local&apos;, ip: &apos;fe80:0:0:0:ca1:1876:131e:fa7c%en0&apos;, os.name: &apos;Mac OS X&apos;, os.arch: &apos;x86_64&apos;, os.version: &apos;10.12.6&apos;, java.version: &apos;1.8.0_131&apos;
Driver info: org.openqa.selenium.chrome.ChromeDriver
Capabilities [{applicationCacheEnabled=false, rotatable=false, mobileEmulationEnabled=false, networkConnectionEnabled=false, chrome={chromedriverVersion=2.31.488774 (7e15618d1bf16df8bf0ecf2914ed1964a387ba0b), userDataDir=/var/folders/q0/43fl0y850d5g9ph3m8m0yczr0000gn/T/.org.chromium.Chromium.gJ4IpY}, takesHeapSnapshot=true, pageLoadStrategy=normal, databaseEnabled=false, handlesAlerts=true, hasTouchScreen=false, version=60.0.3112.113, platform=MAC, browserConnectionEnabled=false, nativeEvents=true, acceptSslCerts=true, locationContextEnabled=true, webStorageEnabled=true, browserName=chrome, takesScreenshot=true, javascriptEnabled=true, cssSelectorsEnabled=true, setWindowRect=true, unexpectedAlertBehaviour=}]
Session ID: c046a965253ae301a735fcaa4e6da653" type="org.openqa.selenium.WebDriverException">org.openqa.selenium.WebDriverException: unknown error: keys should be a string
  (Session info: chrome=60.0.3112.113)
  (Driver info: chromedriver=2.31.488774 (7e15618d1bf16df8bf0ecf2914ed1964a387ba0b),platform=Mac OS X 10.12.6 x86_64) (WARNING: The server did not provide any stacktrace information)
Command duration or timeout: 41 milliseconds
Build info: version: &apos;3.4.0&apos;, revision: &apos;unknown&apos;, time: &apos;unknown&apos;
System info: host: &apos;CNdfzheng.local&apos;, ip: &apos;fe80:0:0:0:ca1:1876:131e:fa7c%en0&apos;, os.name: &apos;Mac OS X&apos;, os.arch: &apos;x86_64&apos;, os.version: &apos;10.12.6&apos;, java.version: &apos;1.8.0_131&apos;
Driver info: org.openqa.selenium.chrome.ChromeDriver
Capabilities [{applicationCacheEnabled=false, rotatable=false, mobileEmulationEnabled=false, networkConnectionEnabled=false, chrome={chromedriverVersion=2.31.488774 (7e15618d1bf16df8bf0ecf2914ed1964a387ba0b), userDataDir=/var/folders/q0/43fl0y850d5g9ph3m8m0yczr0000gn/T/.org.chromium.Chromium.gJ4IpY}, takesHeapSnapshot=true, pageLoadStrategy=normal, databaseEnabled=false, handlesAlerts=true, hasTouchScreen=false, version=60.0.3112.113, platform=MAC, browserConnectionEnabled=false, nativeEvents=true, acceptSslCerts=true, locationContextEnabled=true, webStorageEnabled=true, browserName=chrome, takesScreenshot=true, javascriptEnabled=true, cssSelectorsEnabled=true, setWindowRect=true, unexpectedAlertBehaviour=}]
Session ID: c046a965253ae301a735fcaa4e6da653
	at sun.reflect.NativeConstructorAccessorImpl.newInstance0(Native Method)
	at sun.reflect.NativeConstructorAccessorImpl.newInstance(NativeConstructorAccessorImpl.java:62)
	at sun.reflect.DelegatingConstructorAccessorImpl.newInstance(DelegatingConstructorAccessorImpl.java:45)
	at java.lang.reflect.Constructor.newInstance(Constructor.java:423)
	at org.openqa.selenium.remote.ErrorHandler.createThrowable(ErrorHandler.java:215)
	at org.openqa.selenium.remote.ErrorHandler.throwIfResponseFailed(ErrorHandler.java:167)
	at org.openqa.selenium.remote.RemoteWebDriver.execute(RemoteWebDriver.java:671)
	at org.openqa.selenium.remote.RemoteWebElement.execute(RemoteWebElement.java:272)
	at org.openqa.selenium.remote.RemoteWebElement.sendKeys(RemoteWebElement.java:96)
	at step_definitions.stepdefinitions.I_enter_Username_as_and_Password_as(stepdefinitions.java:64)
	at ✽.When I login myTW(features/DiscussionJive2Email.feature:11)
</error>
    <system-out>&amp;#27;[1A    &amp;#27;[32mGiven &amp;#27;[0m&amp;#27;[32mI am on myTW login page&amp;#27;[0m &amp;#27;[90m# stepdefinitions.goTomyTW()&amp;#27;[0m

  #Scenario with AND
  Scenario:                                                                     &amp;#27;[90m# features/DiscussionJive2Email.feature:10&amp;#27;[0m
    &amp;#27;[90mWhen &amp;#27;[0m&amp;#27;[90mI login myTW&amp;#27;[0m                                                           &amp;#27;[90m# stepdefinitions.I_enter_Username_as_and_Password_as()&amp;#27;[0m
</system-out>
  </testcase>
  <testcase classname="Scenario:   " name="Scenario:   " time="0.005">
    <error message="unknown error: keys should be a string
  (Session info: chrome=60.0.3112.113)
  (Driver info: chromedriver=2.31.488774 (7e15618d1bf16df8bf0ecf2914ed1964a387ba0b),platform=Mac OS X 10.12.6 x86_64) (WARNING: The server did not provide any stacktrace information)
Command duration or timeout: 41 milliseconds
Build info: version: &apos;3.4.0&apos;, revision: &apos;unknown&apos;, time: &apos;unknown&apos;
System info: host: &apos;CNdfzheng.local&apos;, ip: &apos;fe80:0:0:0:ca1:1876:131e:fa7c%en0&apos;, os.name: &apos;Mac OS X&apos;, os.arch: &apos;x86_64&apos;, os.version: &apos;10.12.6&apos;, java.version: &apos;1.8.0_131&apos;
Driver info: org.openqa.selenium.chrome.ChromeDriver
Capabilities [{applicationCacheEnabled=false, rotatable=false, mobileEmulationEnabled=false, networkConnectionEnabled=false, chrome={chromedriverVersion=2.31.488774 (7e15618d1bf16df8bf0ecf2914ed1964a387ba0b), userDataDir=/var/folders/q0/43fl0y850d5g9ph3m8m0yczr0000gn/T/.org.chromium.Chromium.gJ4IpY}, takesHeapSnapshot=true, pageLoadStrategy=normal, databaseEnabled=false, handlesAlerts=true, hasTouchScreen=false, version=60.0.3112.113, platform=MAC, browserConnectionEnabled=false, nativeEvents=true, acceptSslCerts=true, locationContextEnabled=true, webStorageEnabled=true, browserName=chrome, takesScreenshot=true, javascriptEnabled=true, cssSelectorsEnabled=true, setWindowRect=true, unexpectedAlertBehaviour=}]
Session ID: c046a965253ae301a735fcaa4e6da653" type="org.openqa.selenium.WebDriverException">org.openqa.selenium.WebDriverException: unknown error: keys should be a string
  (Session info: chrome=60.0.3112.113)
  (Driver info: chromedriver=2.31.488774 (7e15618d1bf16df8bf0ecf2914ed1964a387ba0b),platform=Mac OS X 10.12.6 x86_64) (WARNING: The server did not provide any stacktrace information)
Command duration or timeout: 41 milliseconds
Build info: version: &apos;3.4.0&apos;, revision: &apos;unknown&apos;, time: &apos;unknown&apos;
System info: host: &apos;CNdfzheng.local&apos;, ip: &apos;fe80:0:0:0:ca1:1876:131e:fa7c%en0&apos;, os.name: &apos;Mac OS X&apos;, os.arch: &apos;x86_64&apos;, os.version: &apos;10.12.6&apos;, java.version: &apos;1.8.0_131&apos;
Driver info: org.openqa.selenium.chrome.ChromeDriver
Capabilities [{applicationCacheEnabled=false, rotatable=false, mobileEmulationEnabled=false, networkConnectionEnabled=false, chrome={chromedriverVersion=2.31.488774 (7e15618d1bf16df8bf0ecf2914ed1964a387ba0b), userDataDir=/var/folders/q0/43fl0y850d5g9ph3m8m0yczr0000gn/T/.org.chromium.Chromium.gJ4IpY}, takesHeapSnapshot=true, pageLoadStrategy=normal, databaseEnabled=false, handlesAlerts=true, hasTouchScreen=false, version=60.0.3112.113, platform=MAC, browserConnectionEnabled=false, nativeEvents=true, acceptSslCerts=true, locationContextEnabled=true, webStorageEnabled=true, browserName=chrome, takesScreenshot=true, javascriptEnabled=true, cssSelectorsEnabled=true, setWindowRect=true, unexpectedAlertBehaviour=}]
Session ID: c046a965253ae301a735fcaa4e6da653
	at sun.reflect.NativeConstructorAccessorImpl.newInstance0(Native Method)
	at sun.reflect.NativeConstructorAccessorImpl.newInstance(NativeConstructorAccessorImpl.java:62)
	at sun.reflect.DelegatingConstructorAccessorImpl.newInstance(DelegatingConstructorAccessorImpl.java:45)
	at java.lang.reflect.Constructor.newInstance(Constructor.java:423)
	at org.openqa.selenium.remote.ErrorHandler.createThrowable(ErrorHandler.java:215)
	at org.openqa.selenium.remote.ErrorHandler.throwIfResponseFailed(ErrorHandler.java:167)
	at org.openqa.selenium.remote.RemoteWebDriver.execute(RemoteWebDriver.java:671)
	at org.openqa.selenium.remote.RemoteWebElement.execute(RemoteWebElement.java:272)
	at org.openqa.selenium.remote.RemoteWebElement.sendKeys(RemoteWebElement.java:96)
	at step_definitions.stepdefinitions.I_enter_Username_as_and_Password_as(stepdefinitions.java:64)
	at ✽.When I login myTW(features/DiscussionJive2Email.feature:11)
</error>
  </testcase>
  <testcase classname="And I enter Security answer     " name="And I enter Security answer     " time="0.007">
    <skipped/>
    <system-out>&amp;#27;[1A    &amp;#27;[31mWhen &amp;#27;[0m&amp;#27;[31mI login myTW&amp;#27;[0m                                                           &amp;#27;[90m# stepdefinitions.I_enter_Username_as_and_Password_as()&amp;#27;[0m
      &amp;#27;[31morg.openqa.selenium.WebDriverException: unknown error: keys should be a string
        (Session info: chrome=60.0.3112.113)
        (Driver info: chromedriver=2.31.488774 (7e15618d1bf16df8bf0ecf2914ed1964a387ba0b),platform=Mac OS X 10.12.6 x86_64) (WARNING: The server did not provide any stacktrace information)
      Command duration or timeout: 41 milliseconds
      Build info: version: &apos;3.4.0&apos;, revision: &apos;unknown&apos;, time: &apos;unknown&apos;
      System info: host: &apos;CNdfzheng.local&apos;, ip: &apos;fe80:0:0:0:ca1:1876:131e:fa7c%en0&apos;, os.name: &apos;Mac OS X&apos;, os.arch: &apos;x86_64&apos;, os.version: &apos;10.12.6&apos;, java.version: &apos;1.8.0_131&apos;
      Driver info: org.openqa.selenium.chrome.ChromeDriver
      Capabilities [{applicationCacheEnabled=false, rotatable=false, mobileEmulationEnabled=false, networkConnectionEnabled=false, chrome={chromedriverVersion=2.31.488774 (7e15618d1bf16df8bf0ecf2914ed1964a387ba0b), userDataDir=/var/folders/q0/43fl0y850d5g9ph3m8m0yczr0000gn/T/.org.chromium.Chromium.gJ4IpY}, takesHeapSnapshot=true, pageLoadStrategy=normal, databaseEnabled=false, handlesAlerts=true, hasTouchScreen=false, version=60.0.3112.113, platform=MAC, browserConnectionEnabled=false, nativeEvents=true, acceptSslCerts=true, locationContextEnabled=true, webStorageEnabled=true, browserName=chrome, takesScreenshot=true, javascriptEnabled=true, cssSelectorsEnabled=true, setWindowRect=true, unexpectedAlertBehaviour=}]
      Session ID: c046a965253ae301a735fcaa4e6da653
      	at sun.reflect.NativeConstructorAccessorImpl.newInstance0(Native Method)
      	at sun.reflect.NativeConstructorAccessorImpl.newInstance(NativeConstructorAccessorImpl.java:62)
      	at sun.reflect.DelegatingConstructorAccessorImpl.newInstance(DelegatingConstructorAccessorImpl.java:45)
      	at java.lang.reflect.Constructor.newInstance(Constructor.java:423)
      	at org.openqa.selenium.remote.ErrorHandler.createThrowable(ErrorHandler.java:215)
      	at org.openqa.selenium.remote.ErrorHandler.throwIfResponseFailed(ErrorHandler.java:167)
      	at org.openqa.selenium.remote.RemoteWebDriver.execute(RemoteWebDriver.java:671)
      	at org.openqa.selenium.remote.RemoteWebElement.execute(RemoteWebElement.java:272)
      	at org.openqa.selenium.remote.RemoteWebElement.sendKeys(RemoteWebElement.java:96)
      	at step_definitions.stepdefinitions.I_enter_Username_as_and_Password_as(stepdefinitions.java:64)
      	at ✽.When I login myTW(features/DiscussionJive2Email.feature:11)
      &amp;#27;[0m
    &amp;#27;[90mAnd &amp;#27;[0m&amp;#27;[90mI enter Security answer&amp;#27;[0m                                                 &amp;#27;[90m# stepdefinitions.I_enter_Security_answer_as()&amp;#27;[0m
</system-out>
  </testcase>
  <testcase classname="And I open a new tab and go to testing group      " name="And I open a new tab and go to testing group      " time="0.008">
    <skipped/>
    <system-out>&amp;#27;[1A    &amp;#27;[36mAnd &amp;#27;[0m&amp;#27;[36mI enter Security answer&amp;#27;[0m                                                 &amp;#27;[90m# stepdefinitions.I_enter_Security_answer_as()&amp;#27;[0m
    &amp;#27;[90mAnd &amp;#27;[0m&amp;#27;[90mI open a new tab and go to testing group&amp;#27;[0m                                &amp;#27;[90m# stepdefinitions.I_open_a_new_tab_and_go_to_testing_group()&amp;#27;[0m
</system-out>
  </testcase>
  <testcase classname="And I post a new discussion in Jive       " name="And I post a new discussion in Jive       " time="0.008">
    <skipped/>
    <system-out>&amp;#27;[1A    &amp;#27;[36mAnd &amp;#27;[0m&amp;#27;[36mI open a new tab and go to testing group&amp;#27;[0m                                &amp;#27;[90m# stepdefinitions.I_open_a_new_tab_and_go_to_testing_group()&amp;#27;[0m
    &amp;#27;[90mAnd &amp;#27;[0m&amp;#27;[90mI post a new discussion in Jive&amp;#27;[0m                                         &amp;#27;[90m# stepdefinitions.I_post_a_new_discussion_in_Jive()&amp;#27;[0m
</system-out>
  </testcase>
  <testcase classname="And I open a new tab and login Gmail with &quot;cnctester3@dev.thoughtworks.com&quot;        " name="And I open a new tab and login Gmail with &quot;cnctester3@dev.thoughtworks.com&quot;        " time="0.009">
    <skipped/>
    <system-out>&amp;#27;[1A    &amp;#27;[36mAnd &amp;#27;[0m&amp;#27;[36mI post a new discussion in Jive&amp;#27;[0m                                         &amp;#27;[90m# stepdefinitions.I_post_a_new_discussion_in_Jive()&amp;#27;[0m
    &amp;#27;[90mAnd &amp;#27;[0m&amp;#27;[90mI open a new tab and login Gmail with &quot;&amp;#27;[0m&amp;#27;[90m&amp;#27;[1mcnctester3@dev.thoughtworks.com&amp;#27;[0m&amp;#27;[90m&quot;&amp;#27;[0m &amp;#27;[90m# stepdefinitions.I_open_a_new_tab_and_login_Gmail_with(String)&amp;#27;[0m
</system-out>
  </testcase>
  <testcase classname="And I wait for a while         " name="And I wait for a while         " time="0.01">
    <skipped/>
    <system-out>&amp;#27;[1A    &amp;#27;[36mAnd &amp;#27;[0m&amp;#27;[36mI open a new tab and login Gmail with &quot;&amp;#27;[0m&amp;#27;[36m&amp;#27;[1mcnctester3@dev.thoughtworks.com&amp;#27;[0m&amp;#27;[36m&quot;&amp;#27;[0m &amp;#27;[90m# stepdefinitions.I_open_a_new_tab_and_login_Gmail_with(String)&amp;#27;[0m
    &amp;#27;[90mAnd &amp;#27;[0m&amp;#27;[90mI wait for a while&amp;#27;[0m                                                      &amp;#27;[90m# stepdefinitions.I_wait_for_a_while()&amp;#27;[0m
</system-out>
  </testcase>
  <testcase classname="Then I get the email in Gmail          " name="Then I get the email in Gmail          " time="0.011">
    <skipped/>
    <system-out>&amp;#27;[1A    &amp;#27;[36mAnd &amp;#27;[0m&amp;#27;[36mI wait for a while&amp;#27;[0m                                                      &amp;#27;[90m# stepdefinitions.I_wait_for_a_while()&amp;#27;[0m
    &amp;#27;[90mThen &amp;#27;[0m&amp;#27;[90mI get the email in Gmail&amp;#27;[0m                                               &amp;#27;[90m# stepdefinitions.I_get_the_email_in_Gmail()&amp;#27;[0m
</system-out>
  </testcase>
</testsuite>