<?xml version="1.0" encoding="UTF-8" ?>
<testsuite tests="9" failures="2" name="step_definitions.runTest" time="0.007" errors="0" skipped="0">
  <properties>
[...]
</properties>
  <testcase classname="Given I am on myTW login page   " name="Given I am on myTW login page   " time="0.002"/>
  <testcase classname="When I enter Username as &quot;cnctester2@dev.thoughtworks.com&quot; and Password as &quot;1R&amp;@SDNvOOoQnQ6Nn$9wx@R&amp;s0&quot;    " name="When I enter Username as &quot;cnctester2@dev.thoughtworks.com&quot; and Password as &quot;1R&amp;@SDNvOOoQnQ6Nn$9wx@R&amp;s0&quot;    " time="0"/>
  <testcase classname="And I enter Security answer as &quot;Super Mario Bros&quot;     " name="And I enter Security answer as &quot;Super Mario Bros&quot;     " time="0"/>
  <testcase classname="And I open a new tab and go to testing group      " name="And I open a new tab and go to testing group      " time="0"/>
  <testcase classname="And I post a new discussion in Jive       " name="And I post a new discussion in Jive       " time="0"/>
  <testcase classname="And I open a new tab and login Gmail with &quot;cnctester2@dev.thoughtworks.com&quot;        " name="And I open a new tab and login Gmail with &quot;cnctester2@dev.thoughtworks.com&quot;        " time="0"/>
  <testcase classname="And I wait for a while         " name="And I wait for a while         " time="0"/>
  <testcase classname="Then I get the email in Gmail          " name="Then I get the email in Gmail          " time="0.002">
    <failure message="expected:&lt;test2017-08-23 13:1[9]&gt; but was:&lt;test2017-08-23 13:1[5]&gt;" type="org.junit.ComparisonFailure">org.junit.ComparisonFailure: expected:&lt;test2017-08-23 13:1[9]&gt; but was:&lt;test2017-08-23 13:1[5]&gt;
	at org.junit.Assert.assertEquals(Assert.java:115)
	at org.junit.Assert.assertEquals(Assert.java:144)
	at step_definitions.stepdefinitions.I_get_the_email_in_Gmail(stepdefinitions.java:225)
	at ✽.Then I get the email in Gmail(features/DiscussionJive2Email.feature:14)
</failure>
    <system-out>&amp;#27;[1A    &amp;#27;[32mAnd &amp;#27;[0m&amp;#27;[32mI wait for a while&amp;#27;[0m                                                                                  &amp;#27;[90m# stepdefinitions.I_wait_for_a_while()&amp;#27;[0m
    &amp;#27;[90mThen &amp;#27;[0m&amp;#27;[90mI get the email in Gmail&amp;#27;[0m                                                                           &amp;#27;[90m# stepdefinitions.I_get_the_email_in_Gmail()&amp;#27;[0m
sendDate: Wed Aug 23 13:19:58 CST 2017 subject:test2017-08-23 13:19From:[CNC2 Tester2 &lt;streamonce@dev.thoughtworks.com&gt;]
sendDate: Wed Aug 23 13:16:32 CST 2017 subject:test2017-08-23 13:15From:[CNC2 Tester2 &lt;streamonce@dev.thoughtworks.com&gt;]
</system-out>
  </testcase>
  <testcase classname="Scenario:   " name="Scenario:   " time="0.003">
    <failure message="expected:&lt;test2017-08-23 13:1[9]&gt; but was:&lt;test2017-08-23 13:1[5]&gt;" type="org.junit.ComparisonFailure">org.junit.ComparisonFailure: expected:&lt;test2017-08-23 13:1[9]&gt; but was:&lt;test2017-08-23 13:1[5]&gt;
	at org.junit.Assert.assertEquals(Assert.java:115)
	at org.junit.Assert.assertEquals(Assert.java:144)
	at step_definitions.stepdefinitions.I_get_the_email_in_Gmail(stepdefinitions.java:225)
	at ✽.Then I get the email in Gmail(features/DiscussionJive2Email.feature:14)
</failure>
  </testcase>
</testsuite>